<?xml version="1.0" encoding="UTF-8"?>
<Site BuildName="Linux-c++"
	BuildStamp="20231017-0808-Experimental"
	Name="diego-Nitro-AN515-51"
	Generator="ctest-3.27.4"
	CompilerName="/usr/bin/c++"
	CompilerVersion="11.4.0"
	OSName="Linux"
	Hostname="diego-Nitro-AN515-51"
	OSRelease="6.2.0-34-generic"
	OSVersion="#34~22.04.1-Ubuntu SMP PREEMPT_DYNAMIC Thu Sep  7 13:12:03 UTC 2"
	OSPlatform="x86_64"
	Is64Bits="1"
	VendorString="GenuineIntel"
	VendorID="Intel Corporation"
	FamilyID="6"
	ModelID="158"
	ProcessorCacheSize="6144"
	NumberOfLogicalCPU="4"
	NumberOfPhysicalCPU="4"
	TotalVirtualMemory="7812"
	TotalPhysicalMemory="15867"
	LogicalProcessorsPerPhysical="1"
	ProcessorClockFrequency="3100"
	>
	<Testing>
		<StartDateTime>Oct 17 10:08 CEST</StartDateTime>
		<StartTestTime>1697530091</StartTestTime>
		<TestList/>
		<EndDateTime>Oct 17 10:08 CEST</EndDateTime>
		<EndTestTime>1697530091</EndTestTime>
		<ElapsedMinutes>0</ElapsedMinutes>
	</Testing>
</Site>
